The system is: Windows - 10.0.22621 - AMD64
Compiling the C compiler identification source file "CMakeCCompilerId.c" succeeded.
Compiler:  
Build flags: 
Id flags:  

The output was:
0
.NET Framework 向け Microsoft (R) Build Engine バージョン 16.11.2+f32259642
Copyright (C) Microsoft Corporation.All rights reserved.

2023/09/21 12:32:17 にビルドを開始しました。
ノード 1 上のプロジェクト "C:\Users\kotar\OneDrive\ドキュメント\switchscience\rapiro\code\rapiro_m5\build\CMakeFiles\3.20.21032501-MSVC_2\CompilerIdC\CompilerIdC.vcxproj" (既定のターゲット)。
PrepareForBuild:
  ディレクトリ "Debug\" を作成しています。
  ディレクトリ "Debug\CompilerIdC.tlog\" を作成しています。
InitializeBuildStatus:
  "AlwaysCreate" が指定されたため "Debug\CompilerIdC.tlog\unsuccessfulbuild" を作成しています。
ClCompile:
  C:\Program Files (x86)\Microsoft Visual Studio\2019\Community\VC\Tools\MSVC\14.29.30133\bin\HostX86\x86\CL.exe /c /nologo /W0 /WX- /diagnostics:column /Od /Oy- /D _MBCS /Gm- /EHsc /RTC1 /MDd /GS /fp:precise /Zc:wchar_t /Zc:forScope /Zc:inline /Fo"Debug\\" /Fd"Debug\vc142.pdb" /external:W0 /Gd /TC /analyze- /FC /errorReport:queue CMakeCCompilerId.c
  CMakeCCompilerId.c
Link:
  C:\Program Files (x86)\Microsoft Visual Studio\2019\Community\VC\Tools\MSVC\14.29.30133\bin\HostX86\x86\link.exe /ERRORREPORT:QUEUE /OUT:".\CompilerIdC.exe" /INCREMENTAL:NO /NOLOGO kernel32.lib user32.lib gdi32.lib winspool.lib comdlg32.lib advapi32.lib shell32.lib ole32.lib oleaut32.lib uuid.lib odbc32.lib odbccp32.lib /MANIFEST /MANIFESTUAC:"level='asInvoker' uiAccess='false'" /manifest:embed /PDB:".\CompilerIdC.pdb" /SUBSYSTEM:CONSOLE /TLBID:1 /DYNAMICBASE /NXCOMPAT /IMPLIB:".\CompilerIdC.lib" /MACHINE:X86 /SAFESEH Debug\CMakeCCompilerId.obj
  CompilerIdC.vcxproj -> C:\Users\kotar\OneDrive\ドキュメント\switchscience\rapiro\code\rapiro_m5\build\CMakeFiles\3.20.21032501-MSVC_2\CompilerIdC\CompilerIdC.exe
PostBuildEvent:
  for %%i in (cl.exe) do @echo CMAKE_C_COMPILER=%%~$PATH:i
  :VCEnd
  CMAKE_C_COMPILER=C:\Program Files (x86)\Microsoft Visual Studio\2019\Community\VC\Tools\MSVC\14.29.30133\bin\Hostx86\x86\cl.exe
FinalizeBuildStatus:
  ファイル "Debug\CompilerIdC.tlog\unsuccessfulbuild" を削除しています。
  "Debug\CompilerIdC.tlog\CompilerIdC.lastbuildstate" のタッチ タスクを実行しています。
プロジェクト "C:\Users\kotar\OneDrive\ドキュメント\switchscience\rapiro\code\rapiro_m5\build\CMakeFiles\3.20.21032501-MSVC_2\CompilerIdC\CompilerIdC.vcxproj" (既定のターゲット) のビルドが完了しました。

ビルドに成功しました。
    0 個の警告
    0 エラー

経過時間 00:00:09.08


Compilation of the C compiler identification source "CMakeCCompilerId.c" produced "CompilerIdC.exe"

Compilation of the C compiler identification source "CMakeCCompilerId.c" produced "CompilerIdC.vcxproj"

The C compiler identification is MSVC, found in "C:/Users/kotar/OneDrive/ドキュメント/switchscience/rapiro/code/rapiro_m5/build/CMakeFiles/3.20.21032501-MSVC_2/CompilerIdC/CompilerIdC.exe"

Compiling the CXX compiler identification source file "CMakeCXXCompilerId.cpp" succeeded.
Compiler:  
Build flags: 
Id flags:  

The output was:
0
.NET Framework 向け Microsoft (R) Build Engine バージョン 16.11.2+f32259642
Copyright (C) Microsoft Corporation.All rights reserved.

2023/09/21 12:32:28 にビルドを開始しました。
ノード 1 上のプロジェクト "C:\Users\kotar\OneDrive\ドキュメント\switchscience\rapiro\code\rapiro_m5\build\CMakeFiles\3.20.21032501-MSVC_2\CompilerIdCXX\CompilerIdCXX.vcxproj" (既定のターゲット)。
PrepareForBuild:
  ディレクトリ "Debug\" を作成しています。
  ディレクトリ "Debug\CompilerIdCXX.tlog\" を作成しています。
InitializeBuildStatus:
  "AlwaysCreate" が指定されたため "Debug\CompilerIdCXX.tlog\unsuccessfulbuild" を作成しています。
ClCompile:
  C:\Program Files (x86)\Microsoft Visual Studio\2019\Community\VC\Tools\MSVC\14.29.30133\bin\HostX86\x86\CL.exe /c /nologo /W0 /WX- /diagnostics:column /Od /Oy- /D _MBCS /Gm- /EHsc /RTC1 /MDd /GS /fp:precise /Zc:wchar_t /Zc:forScope /Zc:inline /Fo"Debug\\" /Fd"Debug\vc142.pdb" /external:W0 /Gd /TP /analyze- /FC /errorReport:queue CMakeCXXCompilerId.cpp
  CMakeCXXCompilerId.cpp
Link:
  C:\Program Files (x86)\Microsoft Visual Studio\2019\Community\VC\Tools\MSVC\14.29.30133\bin\HostX86\x86\link.exe /ERRORREPORT:QUEUE /OUT:".\CompilerIdCXX.exe" /INCREMENTAL:NO /NOLOGO kernel32.lib user32.lib gdi32.lib winspool.lib comdlg32.lib advapi32.lib shell32.lib ole32.lib oleaut32.lib uuid.lib odbc32.lib odbccp32.lib /MANIFEST /MANIFESTUAC:"level='asInvoker' uiAccess='false'" /manifest:embed /PDB:".\CompilerIdCXX.pdb" /SUBSYSTEM:CONSOLE /TLBID:1 /DYNAMICBASE /NXCOMPAT /IMPLIB:".\CompilerIdCXX.lib" /MACHINE:X86 /SAFESEH Debug\CMakeCXXCompilerId.obj
  CompilerIdCXX.vcxproj -> C:\Users\kotar\OneDrive\ドキュメント\switchscience\rapiro\code\rapiro_m5\build\CMakeFiles\3.20.21032501-MSVC_2\CompilerIdCXX\CompilerIdCXX.exe
PostBuildEvent:
  for %%i in (cl.exe) do @echo CMAKE_CXX_COMPILER=%%~$PATH:i
  :VCEnd
  CMAKE_CXX_COMPILER=C:\Program Files (x86)\Microsoft Visual Studio\2019\Community\VC\Tools\MSVC\14.29.30133\bin\Hostx86\x86\cl.exe
FinalizeBuildStatus:
  ファイル "Debug\CompilerIdCXX.tlog\unsuccessfulbuild" を削除しています。
  "Debug\CompilerIdCXX.tlog\CompilerIdCXX.lastbuildstate" のタッチ タスクを実行しています。
プロジェクト "C:\Users\kotar\OneDrive\ドキュメント\switchscience\rapiro\code\rapiro_m5\build\CMakeFiles\3.20.21032501-MSVC_2\CompilerIdCXX\CompilerIdCXX.vcxproj" (既定のターゲット) のビルドが完了しました。

ビルドに成功しました。
    0 個の警告
    0 エラー

経過時間 00:00:04.16


Compilation of the CXX compiler identification source "CMakeCXXCompilerId.cpp" produced "CompilerIdCXX.exe"

Compilation of the CXX compiler identification source "CMakeCXXCompilerId.cpp" produced "CompilerIdCXX.vcxproj"

The CXX compiler identification is MSVC, found in "C:/Users/kotar/OneDrive/ドキュメント/switchscience/rapiro/code/rapiro_m5/build/CMakeFiles/3.20.21032501-MSVC_2/CompilerIdCXX/CompilerIdCXX.exe"

Detecting C compiler ABI info compiled with the following output:
Change Dir: C:/Users/kotar/OneDrive/ドキュメント/switchscience/rapiro/code/rapiro_m5/build/CMakeFiles/CMakeTmp

Run Build Command(s):C:/Program Files (x86)/Microsoft Visual Studio/2019/Community/MSBuild/Current/Bin/MSBuild.exe cmTC_354c5.vcxproj /p:Configuration=Debug /p:Platform=win32 /p:VisualStudioVersion=16.0 /v:m && .NET Framework 向け Microsoft (R) Build Engine バージョン 16.11.2+f32259642
Copyright (C) Microsoft Corporation.All rights reserved.

  Microsoft(R) C/C++ Optimizing Compiler Version 19.29.30148 for x86
  Copyright (C) Microsoft Corporation.  All rights reserved.
  CMakeCCompilerABI.c
  cl /c /Zi /W3 /WX- /diagnostics:column /Od /Ob0 /Oy- /D WIN32 /D _WINDOWS /D "CMAKE_INTDIR=\"Debug\"" /D _MBCS /Gm- /RTC1 /MDd /GS /fp:precise /Zc:wchar_t /Zc:forScope /Zc:inline /Fo"cmTC_354c5.dir\Debug\\" /Fd"cmTC_354c5.dir\Debug\vc142.pdb" /external:W3 /Gd /TC /analyze- /errorReport:queue "C:\Program Files (x86)\Microsoft Visual Studio\2019\Community\Common7\IDE\CommonExtensions\Microsoft\CMake\CMake\share\cmake-3.20\Modules\CMakeCCompilerABI.c"
  cmTC_354c5.vcxproj -> C:\Users\kotar\OneDrive\ドキュメント\switchscience\rapiro\code\rapiro_m5\build\CMakeFiles\CMakeTmp\Debug\cmTC_354c5.exe



Detecting CXX compiler ABI info compiled with the following output:
Change Dir: C:/Users/kotar/OneDrive/ドキュメント/switchscience/rapiro/code/rapiro_m5/build/CMakeFiles/CMakeTmp

Run Build Command(s):C:/Program Files (x86)/Microsoft Visual Studio/2019/Community/MSBuild/Current/Bin/MSBuild.exe cmTC_e96aa.vcxproj /p:Configuration=Debug /p:Platform=win32 /p:VisualStudioVersion=16.0 /v:m && .NET Framework 向け Microsoft (R) Build Engine バージョン 16.11.2+f32259642
Copyright (C) Microsoft Corporation.All rights reserved.

  Microsoft(R) C/C++ Optimizing Compiler Version 19.29.30148 for x86
  Copyright (C) Microsoft Corporation.  All rights reserved.
  CMakeCXXCompilerABI.cpp
  cl /c /Zi /W3 /WX- /diagnostics:column /Od /Ob0 /Oy- /D WIN32 /D _WINDOWS /D "CMAKE_INTDIR=\"Debug\"" /D _MBCS /Gm- /EHsc /RTC1 /MDd /GS /fp:precise /Zc:wchar_t /Zc:forScope /Zc:inline /GR /Fo"cmTC_e96aa.dir\Debug\\" /Fd"cmTC_e96aa.dir\Debug\vc142.pdb" /external:W3 /Gd /TP /analyze- /errorReport:queue "C:\Program Files (x86)\Microsoft Visual Studio\2019\Community\Common7\IDE\CommonExtensions\Microsoft\CMake\CMake\share\cmake-3.20\Modules\CMakeCXXCompilerABI.cpp"
  cmTC_e96aa.vcxproj -> C:\Users\kotar\OneDrive\ドキュメント\switchscience\rapiro\code\rapiro_m5\build\CMakeFiles\CMakeTmp\Debug\cmTC_e96aa.exe



